<?xml version="1.0" encoding="UTF-8"?>
<testng-results skipped="0" failed="0" total="1" passed="1">
  <reporter-output>
  </reporter-output>
  <suite name="Suite" duration-ms="152" started-at="2021-02-04T08:00:48Z" finished-at="2021-02-04T08:00:48Z">
    <groups>
    </groups>
    <test name="Test" duration-ms="152" started-at="2021-02-04T08:00:48Z" finished-at="2021-02-04T08:00:48Z">
      <class name="ORHM.OrangeHRM.tests.LoginPage">
        <test-method status="PASS" signature="f()[pri:0, instance:ORHM.OrangeHRM.tests.LoginPage@2a2d45ba]" name="f" duration-ms="46" started-at="2021-02-04T13:30:48Z" finished-at="2021-02-04T13:30:48Z">
          <reporter-output>
          </reporter-output>
        </test-method> <!-- f -->
      </class> <!-- ORHM.OrangeHRM.tests.LoginPage -->
    </test> <!-- Test -->
  </suite> <!-- Suite -->
</testng-results>
